0 info it worked if it ends with ok
1 verbose cli [ 'node', '/usr/local/bin/npm', 'start' ]
2 info using npm@3.3.8
3 info using node@v0.10.25
4 verbose node symlink /usr/bin/node
5 verbose run-script [ 'prestart', 'start', 'poststart' ]
6 info lifecycle socker_server@0.0.0~prestart: socker_server@0.0.0
7 silly lifecycle socker_server@0.0.0~prestart: no script for prestart, continuing
8 info lifecycle socker_server@0.0.0~start: socker_server@0.0.0
9 verbose lifecycle socker_server@0.0.0~start: unsafe-perm in lifecycle true
10 verbose lifecycle socker_server@0.0.0~start: PATH: /usr/local/lib/node_modules/npm/bin/node-gyp-bin:/opt/lampp/htdocs/node/socker_server/node_modules/.bin:/root/.composer/vendor/bin:/usr/local/sbin:/usr/local/bin:/usr/sbin:/usr/bin:/sbin:/bin
11 verbose lifecycle socker_server@0.0.0~start: CWD: /opt/lampp/htdocs/node/socker_server
12 silly lifecycle socker_server@0.0.0~start: Args: [ '-c', 'node ./bin/www' ]
13 silly lifecycle socker_server@0.0.0~start: Returned: code: 8  signal: null
14 info lifecycle socker_server@0.0.0~start: Failed to exec start script
15 verbose stack Error: socker_server@0.0.0 start: `node ./bin/www`
15 verbose stack Exit status 8
15 verbose stack     at EventEmitter.<anonymous> (/usr/local/lib/node_modules/npm/lib/utils/lifecycle.js:233:16)
15 verbose stack     at EventEmitter.emit (events.js:98:17)
15 verbose stack     at ChildProcess.<anonymous> (/usr/local/lib/node_modules/npm/lib/utils/spawn.js:24:14)
15 verbose stack     at ChildProcess.EventEmitter.emit (events.js:98:17)
15 verbose stack     at maybeClose (child_process.js:743:16)
15 verbose stack     at Process.ChildProcess._handle.onexit (child_process.js:810:5)
16 verbose pkgid socker_server@0.0.0
17 verbose cwd /opt/lampp/htdocs/node/socker_server
18 error Linux 3.13.0-32-generic
19 error argv "node" "/usr/local/bin/npm" "start"
20 error node v0.10.25
21 error npm  v3.3.8
22 error code ELIFECYCLE
23 error socker_server@0.0.0 start: `node ./bin/www`
23 error Exit status 8
24 error Failed at the socker_server@0.0.0 start script 'node ./bin/www'.
24 error This is most likely a problem with the socker_server package,
24 error not with npm itself.
24 error Tell the author that this fails on your system:
24 error     node ./bin/www
24 error You can get their info via:
24 error     npm owner ls socker_server
24 error There is likely additional logging output above.
25 verbose exit [ 1, true ]
